<?xml version="1.0" encoding="UTF-8"?>
<testsuites>
  <testsuite name="fastlane.lanes">
    
    
    
      
      <testcase classname="fastlane.lanes" name="0: opt_out_crash_reporting" time="0.003511">
        
      </testcase>
    
      
      <testcase classname="fastlane.lanes" name="1: Verifying required fastlane version" time="0.003332">
        
      </testcase>
    
      
      <testcase classname="fastlane.lanes" name="2: default_platform" time="0.00379">
        
      </testcase>
    
      
      <testcase classname="fastlane.lanes" name="3: github_job_status" time="15.575183">
        
      </testcase>
    
      
      <testcase classname="fastlane.lanes" name="4: gradle" time="11.557241">
        
          <failure message="/Users/marcin/.rvm/gems/ruby-2.4.1/gems/fastlane-2.61.0/fastlane/lib/fastlane/actions/actions_helper.rb:48:in `execute_action'&#10;/Users/marcin/.rvm/gems/ruby-2.4.1/gems/fastlane-2.61.0/fastlane/lib/fastlane/runner.rb:230:in `block in execute_action'&#10;/Users/marcin/.rvm/gems/ruby-2.4.1/gems/fastlane-2.61.0/fastlane/lib/fastlane/runner.rb:226:in `chdir'&#10;/Users/marcin/.rvm/gems/ruby-2.4.1/gems/fastlane-2.61.0/fastlane/lib/fastlane/runner.rb:226:in `execute_action'&#10;/Users/marcin/.rvm/gems/ruby-2.4.1/gems/fastlane-2.61.0/fastlane/lib/fastlane/runner.rb:148:in `trigger_action_by_name'&#10;/Users/marcin/.rvm/gems/ruby-2.4.1/gems/fastlane-2.61.0/fastlane/lib/fastlane/fast_file.rb:146:in `method_missing'&#10;Fastfile:55:in `block (2 levels) in parsing_binding'&#10;/Users/marcin/.rvm/gems/ruby-2.4.1/gems/fastlane-2.61.0/fastlane/lib/fastlane/lane.rb:33:in `call'&#10;/Users/marcin/.rvm/gems/ruby-2.4.1/gems/fastlane-2.61.0/fastlane/lib/fastlane/runner.rb:49:in `block in execute'&#10;/Users/marcin/.rvm/gems/ruby-2.4.1/gems/fastlane-2.61.0/fastlane/lib/fastlane/runner.rb:45:in `chdir'&#10;/Users/marcin/.rvm/gems/ruby-2.4.1/gems/fastlane-2.61.0/fastlane/lib/fastlane/runner.rb:45:in `execute'&#10;/Users/marcin/.rvm/gems/ruby-2.4.1/gems/fastlane-2.61.0/fastlane/lib/fastlane/lane_manager.rb:52:in `cruise_lane'&#10;/Users/marcin/.rvm/gems/ruby-2.4.1/gems/fastlane-2.61.0/fastlane/lib/fastlane/command_line_handler.rb:30:in `handle'&#10;/Users/marcin/.rvm/gems/ruby-2.4.1/gems/fastlane-2.61.0/fastlane/lib/fastlane/commands_generator.rb:104:in `block (2 levels) in run'&#10;/Users/marcin/.rvm/gems/ruby-2.4.1@global/gems/commander-fastlane-4.4.5/lib/commander/command.rb:178:in `call'&#10;/Users/marcin/.rvm/gems/ruby-2.4.1@global/gems/commander-fastlane-4.4.5/lib/commander/command.rb:153:in `run'&#10;/Users/marcin/.rvm/gems/ruby-2.4.1@global/gems/commander-fastlane-4.4.5/lib/commander/runner.rb:476:in `run_active_command'&#10;/Users/marcin/.rvm/gems/ruby-2.4.1/gems/fastlane-2.61.0/fastlane_core/lib/fastlane_core/ui/fastlane_runner.rb:64:in `run!'&#10;/Users/marcin/.rvm/gems/ruby-2.4.1@global/gems/commander-fastlane-4.4.5/lib/commander/delegates.rb:15:in `run!'&#10;/Users/marcin/.rvm/gems/ruby-2.4.1/gems/fastlane-2.61.0/fastlane/lib/fastlane/commands_generator.rb:303:in `run'&#10;/Users/marcin/.rvm/gems/ruby-2.4.1/gems/fastlane-2.61.0/fastlane/lib/fastlane/commands_generator.rb:42:in `start'&#10;/Users/marcin/.rvm/gems/ruby-2.4.1/gems/fastlane-2.61.0/fastlane/lib/fastlane/cli_tools_distributor.rb:66:in `take_off'&#10;/Users/marcin/.rvm/gems/ruby-2.4.1/gems/fastlane-2.61.0/bin/fastlane:20:in `&lt;top (required)&gt;'&#10;/Users/marcin/.rvm/gems/ruby-2.4.1/bin/fastlane:23:in `load'&#10;/Users/marcin/.rvm/gems/ruby-2.4.1/bin/fastlane:23:in `&lt;main&gt;'&#10;&#10;Exit status of command '/Users/marcin/Projects/ClearScore/ClearScore/gradlew testAlphaUnitTest -p .' was 1 instead of 0.&#10;To honour the JVM settings for this build a new JVM will be forked. Please consider using the daemon: https://docs.gradle.org/2.14.1/userguide/gradle_daemon.html.&#10;Jack is disabled, but one of the plugins you are using supports Java 8 language features.&#10;Jack is disabled, but one of the plugins you are using supports Java 8 language features.&#10;Jack is disabled, but one of the plugins you are using supports Java 8 language features.&#10;:app:preBuild UP-TO-DATE&#10;:app:preAlphaBuild UP-TO-DATE&#10;:app:checkAlphaManifest&#10;:app:preDebugBuild UP-TO-DATE&#10;:app:preReleaseBuild UP-TO-DATE&#10;:app:prepareComAndroidSupportAnimatedVectorDrawable2330Library UP-TO-DATE&#10;:app:prepareComAndroidSupportAppcompatV72330Library UP-TO-DATE&#10;:app:prepareComAndroidSupportSupportV42330Library UP-TO-DATE&#10;:app:prepareComAndroidSupportSupportVectorDrawable2330Library UP-TO-DATE&#10;:app:prepareComJakewhartonButterknife821Library UP-TO-DATE&#10;:app:prepareIoReactivexRxandroid121Library UP-TO-DATE&#10;:app:prepareUkCoChrisjenxCalligraphy220Library UP-TO-DATE&#10;:app:prepareAlphaDependencies&#10;:app:compileAlphaAidl UP-TO-DATE&#10;:app:compileAlphaRenderscript UP-TO-DATE&#10;:app:generateAlphaBuildConfig UP-TO-DATE&#10;:app:generateAlphaResValues UP-TO-DATE&#10;:app:generateAlphaResources UP-TO-DATE&#10;:app:mergeAlphaResources UP-TO-DATE&#10;:app:processAlphaManifest UP-TO-DATE&#10;:app:processAlphaResources UP-TO-DATE&#10;:app:generateAlphaSources UP-TO-DATE&#10;:app:incrementalAlphaJavaCompilationSafeguard UP-TO-DATE&#10;:app:compileAlphaJavaWithJavac UP-TO-DATE&#10;:app:incrementalAlphaUnitTestJavaCompilationSafeguard UP-TO-DATE&#10;:app:preAlphaUnitTestBuild UP-TO-DATE&#10;:app:prepareAlphaUnitTestDependencies&#10;:app:compileAlphaUnitTestJavaWithJavac/Users/marcin/Projects/ClearScore/ClearScore/app/src/test/java/lammar/com/csdemo/ui/showscore/ShowScorePresenterTest.java:75: error: not a statement&#10;        verify(showScoreView).showNoNetworkError();123&#10;                                                   ^&#10;/Users/marcin/Projects/ClearScore/ClearScore/app/src/test/java/lammar/com/csdemo/ui/showscore/ShowScorePresenterTest.java:75: error: ';' expected&#10;        verify(showScoreView).showNoNetworkError();123&#10;                                                      ^&#10;2 errors&#10; FAILED&#10;&#10;FAILURE: Build failed with an exception.&#10;&#10;* What went wrong:&#10;Execution failed for task ':app:compileAlphaUnitTestJavaWithJavac'.&#10;&gt; Compilation failed; see the compiler error output for details.&#10;&#10;* Try:&#10;Run with --stacktrace option to get the stack trace. Run with --info or --debug option to get more log output.&#10;&#10;BUILD FAILED&#10;&#10;Total time: 10.629 secs&#10;" />
        
      </testcase>
    
      
      <testcase classname="fastlane.lanes" name="5: github_job_status" time="18.075157">
        
          <failure message="/Users/marcin/.rvm/gems/ruby-2.4.1/gems/fastlane-2.61.0/fastlane/lib/fastlane/actions/actions_helper.rb:48:in `execute_action'&#10;/Users/marcin/.rvm/gems/ruby-2.4.1/gems/fastlane-2.61.0/fastlane/lib/fastlane/runner.rb:230:in `block in execute_action'&#10;/Users/marcin/.rvm/gems/ruby-2.4.1/gems/fastlane-2.61.0/fastlane/lib/fastlane/runner.rb:226:in `chdir'&#10;/Users/marcin/.rvm/gems/ruby-2.4.1/gems/fastlane-2.61.0/fastlane/lib/fastlane/runner.rb:226:in `execute_action'&#10;/Users/marcin/.rvm/gems/ruby-2.4.1/gems/fastlane-2.61.0/fastlane/lib/fastlane/runner.rb:148:in `trigger_action_by_name'&#10;/Users/marcin/.rvm/gems/ruby-2.4.1/gems/fastlane-2.61.0/fastlane/lib/fastlane/fast_file.rb:146:in `method_missing'&#10;Fastfile:182:in `update_github_status'&#10;Fastfile:58:in `rescue in block (2 levels) in parsing_binding'&#10;Fastfile:53:in `block (2 levels) in parsing_binding'&#10;/Users/marcin/.rvm/gems/ruby-2.4.1/gems/fastlane-2.61.0/fastlane/lib/fastlane/lane.rb:33:in `call'&#10;/Users/marcin/.rvm/gems/ruby-2.4.1/gems/fastlane-2.61.0/fastlane/lib/fastlane/runner.rb:49:in `block in execute'&#10;/Users/marcin/.rvm/gems/ruby-2.4.1/gems/fastlane-2.61.0/fastlane/lib/fastlane/runner.rb:45:in `chdir'&#10;/Users/marcin/.rvm/gems/ruby-2.4.1/gems/fastlane-2.61.0/fastlane/lib/fastlane/runner.rb:45:in `execute'&#10;/Users/marcin/.rvm/gems/ruby-2.4.1/gems/fastlane-2.61.0/fastlane/lib/fastlane/lane_manager.rb:52:in `cruise_lane'&#10;/Users/marcin/.rvm/gems/ruby-2.4.1/gems/fastlane-2.61.0/fastlane/lib/fastlane/command_line_handler.rb:30:in `handle'&#10;/Users/marcin/.rvm/gems/ruby-2.4.1/gems/fastlane-2.61.0/fastlane/lib/fastlane/commands_generator.rb:104:in `block (2 levels) in run'&#10;/Users/marcin/.rvm/gems/ruby-2.4.1@global/gems/commander-fastlane-4.4.5/lib/commander/command.rb:178:in `call'&#10;/Users/marcin/.rvm/gems/ruby-2.4.1@global/gems/commander-fastlane-4.4.5/lib/commander/command.rb:153:in `run'&#10;/Users/marcin/.rvm/gems/ruby-2.4.1@global/gems/commander-fastlane-4.4.5/lib/commander/runner.rb:476:in `run_active_command'&#10;/Users/marcin/.rvm/gems/ruby-2.4.1/gems/fastlane-2.61.0/fastlane_core/lib/fastlane_core/ui/fastlane_runner.rb:64:in `run!'&#10;/Users/marcin/.rvm/gems/ruby-2.4.1@global/gems/commander-fastlane-4.4.5/lib/commander/delegates.rb:15:in `run!'&#10;/Users/marcin/.rvm/gems/ruby-2.4.1/gems/fastlane-2.61.0/fastlane/lib/fastlane/commands_generator.rb:303:in `run'&#10;/Users/marcin/.rvm/gems/ruby-2.4.1/gems/fastlane-2.61.0/fastlane/lib/fastlane/commands_generator.rb:42:in `start'&#10;/Users/marcin/.rvm/gems/ruby-2.4.1/gems/fastlane-2.61.0/fastlane/lib/fastlane/cli_tools_distributor.rb:66:in `take_off'&#10;/Users/marcin/.rvm/gems/ruby-2.4.1/gems/fastlane-2.61.0/bin/fastlane:20:in `&lt;top (required)&gt;'&#10;/Users/marcin/.rvm/gems/ruby-2.4.1/bin/fastlane:23:in `load'&#10;/Users/marcin/.rvm/gems/ruby-2.4.1/bin/fastlane:23:in `&lt;main&gt;'&#10;&#10;bad URI(is not URI?): https://api.github.com/repos/[A[A/[A[A/statuses/5a71e6c7cf40dfa24dedd7600b9c8b90e8cb632d" />
        
      </testcase>
    
  </testsuite>
</testsuites>
